#
# A fatal error has been detected by the Java Runtime Environment:
#
#  SIGSEGV (0xb) at pc=0x00007f4840652f37, pid=28902, tid=28904
#
# JRE version: Java(TM) SE Runtime Environment (12.0.1+12) (build 12.0.1+12)
# Java VM: Java HotSpot(TM) 64-Bit Server VM (12.0.1+12, mixed mode, sharing, tiered, compressed oops, g1 gc, linux-amd64)
# Problematic frame:
# C  [libqtjambi.so.1+0x20f37]  qtjambishell_signals_cleanup(QtJambiSignalInfo*, int)+0x37
#
# Core dump will be written. Default location: Core dumps may be processed with "/usr/share/apport/apport %p %s %c %d %P" (or dumping to /home/ubuntu/development-projects/IdeaProjects/portfolio_git/my-minesweeper/core.28902)
#
# If you would like to submit a bug report, please visit:
#   http://bugreport.java.com/bugreport/crash.jsp
#

---------------  S U M M A R Y ------------

Command Line: -javaagent:/opt/idea-IC-193.6494.35/lib/idea_rt.jar=38665:/opt/idea-IC-193.6494.35/bin -Dfile.encoding=UTF-8 com.company.Main

Host: Intel(R) Core(TM) i5-4460  CPU @ 3.20GHz, 4 cores, 15G, Ubuntu 19.10
Time: Sat Mar 14 20:58:05 2020 CET elapsed time: 0 seconds (0d 0h 0m 0s)

---------------  T H R E A D  ---------------

Current thread is native thread

Stack: [0x00007f48775f3000,0x00007f48776f4000],  sp=0x00007f48776f29e0,  free space=1022k
Native frames: (J=compiled Java code, A=aot compiled Java code, j=interpreted, Vv=VM code, C=native code)
C  [libqtjambi.so.1+0x20f37]  qtjambishell_signals_cleanup(QtJambiSignalInfo*, int)+0x37

[error occurred during error reporting (printing native stack), id 0xb, SIGSEGV (0xb) at pc=0x00007f4878431516]


siginfo: si_signo: 11 (SIGSEGV), si_code: 1 (SEGV_MAPERR), si_addr: 0x0000000000000000

Register to memory mapping:

RAX=0x0 is NULL
RBX=
[error occurred during error reporting (printing register info), id 0xb, SIGSEGV (0xb) at pc=0x00007f487861e527]

Registers:
RAX=0x0000000000000000, RBX=0x00007f487037ab60, RCX=0x0000000000000007, RDX=0x00007f48700140c0
RSP=0x00007f48776f29e0, RBP=0x0000000000000000, RSI=0x00007f4870584751, RDI=0x00007f48700008d6
R8 =0x0000000000000006, R9 =0x0000000000000020, R10=0x00007f4840c2cc2c, R11=0x00007f4840c96b90
R12=0x00007f487037abd0, R13=0x00007f4870510140, R14=0x00007f4800001cb0, R15=0x00007f4870523bf0
RIP=0x00007f4840652f37, EFLAGS=0x0000000000010202, CSGSFS=0x002b000000000033, ERR=0x0000000000000004
  TRAPNO=0x000000000000000e

Top of Stack: (sp=0x00007f48776f29e0)
0x00007f48776f29e0:   00007f4870523bf0 00007f4800001cb0
0x00007f48776f29f0:   00007f4870523bf0 00007f480a6d0070
0x00007f48776f2a00:   00007f4870523bf0 00007f4870523bf0
0x00007f48776f2a10:   00007f4800001cb0 00007f480a6d00a9 

Instructions: (pc=0x00007f4840652f37)
0x00007f4840652f17:   24 ff 48 89 c5 48 c1 e6 04 4c 8d 64 33 10 0f 1f
0x00007f4840652f27:   00 48 83 7b 08 00 74 24 48 8b 33 48 85 f6 74 14
0x00007f4840652f37:   48 8b 45 00 48 89 ef ff 90 18 07 00 00 48 c7 03
0x00007f4840652f47:   00 00 00 00 48 c7 43 08 00 00 00 00 48 83 c3 10 

Stack slot to memory mapping:
stack at sp + 0 slots: 
[error occurred during error reporting (inspecting top of stack), id 0xb, SIGSEGV (0xb) at pc=0x00007f487861e527]


---------------  P R O C E S S  ---------------

VM state:at safepoint (shutting down)

VM Mutex/Monitor currently owned by a thread:  ([mutex/lock_event])
[0x00007f487000f360] Threads_lock - owner thread: 0x00007f487020a000

Heap address: 0x0000000707400000, size: 3980 MB, Compressed Oops mode: Zero based, Oop shift amount: 3
Narrow klass base: 0x0000000800000000, Narrow klass shift: 3
Compressed class space size: 1073741824 Address: 0x0000000801129000

Heap:
 garbage-first heap   total 14336K, used 2010K [0x0000000707400000, 0x0000000800000000)
  region size 1024K, 1 young (1024K), 0 survivors (0K)
 Metaspace       used 5512K, capacity 7273K, committed 7424K, reserved 1056768K
  class space    used 525K, capacity 660K, committed 768K, reserved 1048576K
Heap Regions: E=young(eden), S=young(survivor), O=old, HS=humongous(starts), HC=humongous(continues), CS=collection set, F=free, A=archive, TAMS=top-at-mark-start (previous, next)
|   0|0x0000000707400000, 0x00000007074ffc90, 0x0000000707500000| 99%| O|  |TAMS 0x0000000707400000, 0x0000000707400000| Untracked 
|   1|0x0000000707500000, 0x000000070753dbb0, 0x0000000707600000| 24%| O|  |TAMS 0x0000000707500000, 0x0000000707500000| Untracked 
|   2|0x0000000707600000, 0x0000000707600000, 0x0000000707700000|  0%| F|  |TAMS 0x0000000707600000, 0x0000000707600000| Untracked 
|   3|0x0000000707700000, 0x0000000707700000, 0x0000000707800000|  0%| F|  |TAMS 0x0000000707700000, 0x0000000707700000| Untracked 
|   4|0x0000000707800000, 0x0000000707800000, 0x0000000707900000|  0%| F|  |TAMS 0x0000000707800000, 0x0000000707800000| Untracked 
|   5|0x0000000707900000, 0x0000000707900000, 0x0000000707a00000|  0%| F|  |TAMS 0x0000000707900000, 0x0000000707900000| Untracked 
|   6|0x0000000707a00000, 0x0000000707a00000, 0x0000000707b00000|  0%| F|  |TAMS 0x0000000707a00000, 0x0000000707a00000| Untracked 
|   7|0x0000000707b00000, 0x0000000707b00000, 0x0000000707c00000|  0%| F|  |TAMS 0x0000000707b00000, 0x0000000707b00000| Untracked 
|   8|0x0000000707c00000, 0x0000000707c00000, 0x0000000707d00000|  0%| F|  |TAMS 0x0000000707c00000, 0x0000000707c00000| Untracked 
|   9|0x0000000707d00000, 0x0000000707d00000, 0x0000000707e00000|  0%| F|  |TAMS 0x0000000707d00000, 0x0000000707d00000| Untracked 
|  10|0x0000000707e00000, 0x0000000707e00000, 0x0000000707f00000|  0%| F|  |TAMS 0x0000000707e00000, 0x0000000707e00000| Untracked 
|  11|0x0000000707f00000, 0x0000000707f0a878, 0x0000000708000000|  4%| E|  |TAMS 0x0000000707f00000, 0x0000000707f00000| Complete 
|3978|0x00000007ffe00000, 0x00000007ffe47000, 0x00000007fff00000| 27%|OA|  |TAMS 0x00000007ffe00000, 0x00000007ffe00000| Untracked 
|3979|0x00000007fff00000, 0x00000007fff72000, 0x0000000800000000| 44%|CA|  |TAMS 0x00000007fff00000, 0x00000007fff00000| Untracked 

Card table byte_map: [0x00007f4875605000,0x00007f4875dcb000] _byte_map_base: 0x00007f4871dcb000

Marking Bits (Prev, Next): (CMBitMap*) 0x00007f4870087938, (CMBitMap*) 0x00007f4870087978
 Prev Bits: [0x00007f4854d48000, 0x00007f4858b78000)
 Next Bits: [0x00007f4850f18000, 0x00007f4854d48000)

Polling page: 0x00007f4879183000

Metaspace:

Usage:
  Non-class:      6,46 MB capacity,     4,87 MB ( 75%) used,     1,58 MB ( 24%) free+waste,     7,19 KB ( <1%) overhead. 
      Class:    660,00 KB capacity,   525,73 KB ( 80%) used,   130,77 KB ( 20%) free+waste,     3,50 KB ( <1%) overhead. 
       Both:      7,10 MB capacity,     5,38 MB ( 76%) used,     1,71 MB ( 24%) free+waste,    10,69 KB ( <1%) overhead. 

Virtual space:
  Non-class space:        8,00 MB reserved,       6,50 MB ( 81%) committed 
      Class space:        1,00 GB reserved,     768,00 KB ( <1%) committed 
             Both:        1,01 GB reserved,       7,25 MB ( <1%) committed 

Chunk freelists:
   Non-Class:  1,38 KB
       Class:  1,00 KB
        Both:  2,38 KB

CodeHeap 'non-profiled nmethods': size=120032Kb used=170Kb max_used=170Kb free=119861Kb
 bounds [0x00007f4860640000, 0x00007f48608b0000, 0x00007f4867b78000]
CodeHeap 'profiled nmethods': size=120032Kb used=882Kb max_used=882Kb free=119149Kb
 bounds [0x00007f4859108000, 0x00007f4859378000, 0x00007f4860640000]
CodeHeap 'non-nmethods': size=5696Kb used=1099Kb max_used=1104Kb free=4596Kb
 bounds [0x00007f4858b78000, 0x00007f4858de8000, 0x00007f4859108000]
 total_blobs=1047 nmethods=537 adapters=322
 compilation: enabled
              stopped_count=0, restarted_count=0
 full_count=0

Compilation events (10 events):
Event: 0,538 Thread 0x00007f4870220800  531       3       java.util.Collections$SetFromMap::remove (19 bytes)
Event: 0,538 Thread 0x00007f4870220800 nmethod 531 0x00007f48591e3390 code [0x00007f48591e3560, 0x00007f48591e3808]
Event: 0,538 Thread 0x00007f4870220800  533       3       java.lang.ref.Reference::clear (6 bytes)
Event: 0,538 Thread 0x00007f4870220800 nmethod 533 0x00007f48591e3910 code [0x00007f48591e3ac0, 0x00007f48591e3c70]
Event: 0,546 Thread 0x00007f4870220800  534       3       java.lang.reflect.Method::getParameterTypes (11 bytes)
Event: 0,546 Thread 0x00007f4870220800 nmethod 534 0x00007f48591e3d10 code [0x00007f48591e3ee0, 0x00007f48591e4248]
Event: 0,546 Thread 0x00007f4870220800  535       3       java.lang.invoke.MethodHandles$Lookup::lookupClassOrNull (17 bytes)
Event: 0,546 Thread 0x00007f4870220800 nmethod 535 0x00007f48591e4310 code [0x00007f48591e44c0, 0x00007f48591e46b0]
Event: 0,546 Thread 0x00007f4870220800  536       3       sun.invoke.util.Wrapper::isDoubleWord (15 bytes)
Event: 0,547 Thread 0x00007f4870220800 nmethod 536 0x00007f48591e4710 code [0x00007f48591e48c0, 0x00007f48591e4a90]

GC Heap History (4 events):
Event: 0,524 GC heap before
{Heap before GC invocations=0 (full 0):
 garbage-first heap   total 258048K, used 9956K [0x0000000707400000, 0x0000000800000000)
  region size 1024K, 10 young (10240K), 0 survivors (0K)
 Metaspace       used 5455K, capacity 7273K, committed 7424K, reserved 1056768K
  class space    used 518K, capacity 660K, committed 768K, reserved 1048576K
}
Event: 0,537 GC heap after
{Heap after GC invocations=1 (full 1):
 garbage-first heap   total 14336K, used 2016K [0x0000000707400000, 0x0000000800000000)
  region size 1024K, 0 young (0K), 0 survivors (0K)
 Metaspace       used 5455K, capacity 7273K, committed 7424K, reserved 1056768K
  class space    used 518K, capacity 660K, committed 768K, reserved 1048576K
}
Event: 0,547 GC heap before
{Heap before GC invocations=1 (full 1):
 garbage-first heap   total 14336K, used 2016K [0x0000000707400000, 0x0000000800000000)
  region size 1024K, 1 young (1024K), 0 survivors (0K)
 Metaspace       used 5512K, capacity 7273K, committed 7424K, reserved 1056768K
  class space    used 525K, capacity 660K, committed 768K, reserved 1048576K
}
Event: 0,553 GC heap after
{Heap after GC invocations=2 (full 2):
 garbage-first heap   total 14336K, used 2010K [0x0000000707400000, 0x0000000800000000)
  region size 1024K, 0 young (0K), 0 survivors (0K)
 Metaspace       used 5512K, capacity 7273K, committed 7424K, reserved 1056768K
  class space    used 525K, capacity 660K, committed 768K, reserved 1048576K
}

Deoptimization events (1 events):
Event: 0,268 Thread 0x00007f4870012800 Uncommon trap: reason=unstable_if action=reinterpret pc=0x00007f486064aeb0 method=java.util.HashMap.putVal(ILjava/lang/Object;Ljava/lang/Object;ZZ)Ljava/lang/Object; @ 181 c2

Classes redefined (0 events):
No events

Internal exceptions (1 events):
Event: 0,547 Thread 0x00007f487039d800 Exception <a 'java/lang/InterruptedException'{0x0000000707f29960}: sleep interrupted> (0x0000000707f29960) thrown at [/scratch/opt/mach5/mesos/work_dir/slaves/2dd962d0-8988-479b-a804-57ab764ada59-S77524/frameworks/1735e8a2-a1db-478c-8104-60c8b0af87dd-0196

Events (10 events):
Event: 0,546 loading class java/util/concurrent/locks/ReentrantReadWriteLock$WriteLock
Event: 0,546 loading class java/util/concurrent/locks/ReentrantReadWriteLock$WriteLock done
Event: 0,547 Thread 0x00007f487039d800 Thread exited: 0x00007f487039d800
Event: 0,547 Executing VM operation: G1CollectFull
Event: 0,553 Executing VM operation: G1CollectFull done
Event: 0,553 Thread 0x00007f4800016800 Thread added: 0x00007f4800016800
Event: 0,553 Thread 0x00007f4800016800 Thread exited: 0x00007f4800016800
Event: 0,553 Thread 0x00007f48706e0800 Thread exited: 0x00007f48706e0800
Event: 0,553 Thread 0x00007f4870012800 Thread exited: 0x00007f4870012800
Event: 0,553 Thread 0x00007f487021c800 Thread exited: 0x00007f487021c800


Dynamic libraries:
00400000-00401000 r-xp 00000000 08:02 49416688                           /usr/lib/jvm/jdk-12.0.1/bin/java
00600000-00601000 r--p 00000000 08:02 49416688                           /usr/lib/jvm/jdk-12.0.1/bin/java
00601000-00602000 rw-p 00001000 08:02 49416688                           /usr/lib/jvm/jdk-12.0.1/bin/java
01cd7000-01cf8000 rw-p 00000000 00:00 0                                  [heap]
707400000-708000000 rw-p 00000000 00:00 0 
708000000-7ffe00000 ---p 00000000 00:00 0 
7ffe00000-7ffe47000 rw-p 0119c000 08:02 49152162                         /usr/lib/jvm/jdk-12.0.1/lib/server/classes.jsa
7ffe47000-7fff00000 rw-p 00000000 00:00 0 
7fff00000-7fff72000 rw-p 0112a000 08:02 49152162                         /usr/lib/jvm/jdk-12.0.1/lib/server/classes.jsa
7fff72000-800000000 rw-p 00000000 00:00 0 
800000000-800003000 rwxp 00001000 08:02 49152162                         /usr/lib/jvm/jdk-12.0.1/lib/server/classes.jsa
800003000-8003d9000 rw-p 00004000 08:02 49152162                         /usr/lib/jvm/jdk-12.0.1/lib/server/classes.jsa
8003d9000-800ae3000 r--p 003da000 08:02 49152162                         /usr/lib/jvm/jdk-12.0.1/lib/server/classes.jsa
800ae3000-800ae4000 rw-p 00ae4000 08:02 49152162                         /usr/lib/jvm/jdk-12.0.1/lib/server/classes.jsa
800ae4000-801129000 r--p 00ae5000 08:02 49152162                         /usr/lib/jvm/jdk-12.0.1/lib/server/classes.jsa
801129000-8011e9000 rw-p 00000000 00:00 0 
8011e9000-841129000 ---p 00000000 00:00 0 
7f47f0000000-7f47f0021000 rw-p 00000000 00:00 0 
7f47f0021000-7f47f4000000 ---p 00000000 00:00 0 
7f47f4000000-7f47f4021000 rw-p 00000000 00:00 0 
7f47f4021000-7f47f8000000 ---p 00000000 00:00 0 
7f47f8000000-7f47f8021000 rw-p 00000000 00:00 0 
7f47f8021000-7f47fc000000 ---p 00000000 00:00 0 
7f47fc000000-7f47fc021000 rw-p 00000000 00:00 0 
7f47fc021000-7f4800000000 ---p 00000000 00:00 0 
7f4800000000-7f4800048000 rw-p 00000000 00:00 0 
7f4800048000-7f4804000000 ---p 00000000 00:00 0 
7f4804000000-7f4804021000 rw-p 00000000 00:00 0 
7f4804021000-7f4808000000 ---p 00000000 00:00 0 
7f48098bb000-7f48098bf000 ---p 00000000 00:00 0 
7f48098bf000-7f48099bc000 rw-p 00000000 00:00 0 
7f48099bc000-7f48099bd000 ---p 00000000 00:00 0 
7f48099bd000-7f4809abe000 rw-p 00000000 00:00 0 
7f4809abe000-7f4809abf000 ---p 00000000 00:00 0 
7f4809abf000-7f4809bc0000 rw-p 00000000 00:00 0 
7f4809bc0000-7f4809bc1000 ---p 00000000 00:00 0 
7f4809bc1000-7f4809cc2000 rw-p 00000000 00:00 0 
7f4809cc2000-7f4809cc6000 ---p 00000000 00:00 0 
7f4809cc6000-7f4809dc3000 rw-p 00000000 00:00 0 
7f4809dc3000-7f4809e7c000 r--p 00000000 08:02 50464917                   /usr/share/fonts/truetype/dejavu/DejaVuSans.ttf
7f4809e7c000-7f4809e7e000 r--p 00000000 08:02 49028805                   /usr/lib/x86_64-linux-gnu/libXi.so.6.1.0
7f4809e7e000-7f4809e89000 r-xp 00002000 08:02 49028805                   /usr/lib/x86_64-linux-gnu/libXi.so.6.1.0
7f4809e89000-7f4809e8c000 r--p 0000d000 08:02 49028805                   /usr/lib/x86_64-linux-gnu/libXi.so.6.1.0
7f4809e8c000-7f4809e8d000 r--p 0000f000 08:02 49028805                   /usr/lib/x86_64-linux-gnu/libXi.so.6.1.0
7f4809e8d000-7f4809e8e000 rw-p 00010000 08:02 49028805                   /usr/lib/x86_64-linux-gnu/libXi.so.6.1.0
7f4809e8e000-7f4809e8f000 r--p 00000000 08:02 49028807                   /usr/lib/x86_64-linux-gnu/libXinerama.so.1.0.0
7f4809e8f000-7f4809e90000 r-xp 00001000 08:02 49028807                   /usr/lib/x86_64-linux-gnu/libXinerama.so.1.0.0
7f4809e90000-7f4809e91000 r--p 00002000 08:02 49028807                   /usr/lib/x86_64-linux-gnu/libXinerama.so.1.0.0
7f4809e91000-7f4809e92000 r--p 00002000 08:02 49028807                   /usr/lib/x86_64-linux-gnu/libXinerama.so.1.0.0
7f4809e92000-7f4809e93000 rw-p 00003000 08:02 49028807                   /usr/lib/x86_64-linux-gnu/libXinerama.so.1.0.0
7f4809e93000-7f4809e96000 r--p 00000000 08:02 49028791                   /usr/lib/x86_64-linux-gnu/libXcursor.so.1.0.2
7f4809e96000-7f4809e9c000 r-xp 00003000 08:02 49028791                   /usr/lib/x86_64-linux-gnu/libXcursor.so.1.0.2
7f4809e9c000-7f4809e9e000 r--p 00009000 08:02 49028791                   /usr/lib/x86_64-linux-gnu/libXcursor.so.1.0.2
7f4809e9e000-7f4809e9f000 r--p 0000a000 08:02 49028791                   /usr/lib/x86_64-linux-gnu/libXcursor.so.1.0.2
7f4809e9f000-7f4809ea0000 rw-p 0000b000 08:02 49028791                   /usr/lib/x86_64-linux-gnu/libXcursor.so.1.0.2
7f4809ea0000-7f4809ea5000 r-xp 00000000 08:02 49028799                   /usr/lib/x86_64-linux-gnu/libXfixes.so.3.1.0
7f4809ea5000-7f480a0a4000 ---p 00005000 08:02 49028799                   /usr/lib/x86_64-linux-gnu/libXfixes.so.3.1.0
7f480a0a4000-7f480a0a5000 r--p 00004000 08:02 49028799                   /usr/lib/x86_64-linux-gnu/libXfixes.so.3.1.0
7f480a0a5000-7f480a0a6000 rw-p 00005000 08:02 49028799                   /usr/lib/x86_64-linux-gnu/libXfixes.so.3.1.0
7f480a0a6000-7f480a0cb000 r--p 00000000 08:02 51384042                   /usr/share/locale-langpack/pl/LC_MESSAGES/libc.mo
7f480a0cb000-7f480a0cd000 r--p 00000000 08:02 49028815                   /usr/lib/x86_64-linux-gnu/libXrandr.so.2.2.0
7f480a0cd000-7f480a0d4000 r-xp 00002000 08:02 49028815                   /usr/lib/x86_64-linux-gnu/libXrandr.so.2.2.0
7f480a0d4000-7f480a0d6000 r--p 00009000 08:02 49028815                   /usr/lib/x86_64-linux-gnu/libXrandr.so.2.2.0
7f480a0d6000-7f480a0d7000 r--p 0000a000 08:02 49028815                   /usr/lib/x86_64-linux-gnu/libXrandr.so.2.2.0
7f480a0d7000-7f480a0d8000 rw-p 0000b000 08:02 49028815                   /usr/lib/x86_64-linux-gnu/libXrandr.so.2.2.0
7f480a0ee000-7f480a0fa000 r--s 00000000 08:02 4718911                    /var/cache/fontconfig/101044ec-e097-4a35-97fb-55fb5deda6ea-le64.cache-7
7f480a0fa000-7f480a100000 r--s 00000000 08:02 4718929                    /var/cache/fontconfig/4735ced1-6d0a-484b-aa66-14004ff8c20d-le64.cache-7
7f480a100000-7f480a101000 r--s 00000000 08:02 4718960                    /var/cache/fontconfig/a50d3385-0bdc-4c48-bb63-a1a4e9de84dc-le64.cache-7
7f480a101000-7f480a117000 r--s 00000000 08:02 4718953                    /var/cache/fontconfig/8faf38ee-2c33-4c55-a675-483a16d1022f-le64.cache-7
7f480a117000-7f480a118000 r--s 00000000 08:02 4718939                    /var/cache/fontconfig/5b8bbde4-c602-4fb2-aa54-853ea4723595-le64.cache-7
7f480a118000-7f480a119000 r--s 00000000 08:02 4718935                    /var/cache/fontconfig/55c61031-cd66-4d46-b560-df3399320a69-le64.cache-7
7f480a119000-7f480a11b000 r--s 00000000 08:02 4718943                    /var/cache/fontconfig/5f5546b3-2dcc-4a46-b37b-a7dfb8da68f7-le64.cache-7
7f480a11b000-7f480a11c000 r--s 00000000 08:02 4718928                    /var/cache/fontconfig/3dbe6e91-673d-445d-b843-ff075c5a58cf-le64.cache-7
7f480a11c000-7f480a11e000 r--s 00000000 08:02 4718975                    /var/cache/fontconfig/fb236482-05eb-4b3d-89e2-d8f1bd7c340c-le64.cache-7
7f480a11e000-7f480a120000 r--s 00000000 08:02 4718966                    /var/cache/fontconfig/b5e2c191-6117-4887-aa06-14b3059a1ff0-le64.cache-7
7f480a120000-7f480a121000 r--s 00000000 08:02 4720699                    /var/cache/fontconfig/5d338a75-6472-45b3-972a-f401b4d11bce-le64.cache-7
7f480a121000-7f480a123000 r--s 00000000 08:02 4718947                    /var/cache/fontconfig/710a0237-2f0e-401c-8ca4-5ec37bfca599-le64.cache-7
7f480a123000-7f480a128000 r--s 00000000 08:02 4718973                    /var/cache/fontconfig/eb2352da-52a7-4e03-8560-0885c56ceb98-le64.cache-7
7f480a128000-7f480a129000 r--s 00000000 08:02 4718910                    /var/cache/fontconfig/0c77ce6f-889c-40c1-ab22-3605084235ef-le64.cache-7
7f480a129000-7f480a12a000 r--s 00000000 08:02 4718918                    /var/cache/fontconfig/304e5e8a-5848-4417-a559-97eb4ad90ccf-le64.cache-7
7f480a12a000-7f480a12b000 r--s 00000000 08:02 4718912                    /var/cache/fontconfig/1a86e7b0-a7f5-43bb-9812-0199d28b4fb4-le64.cache-7
7f480a12b000-7f480a12c000 r--s 00000000 08:02 4718921                    /var/cache/fontconfig/347d669a-3359-4427-8f76-b5c0be745fd1-le64.cache-7
7f480a12c000-7f480a12d000 r--s 00000000 08:02 4718931                    /var/cache/fontconfig/4bf71819-711e-4bc1-9fb3-55e82c56371c-le64.cache-7
7f480a12d000-7f480a12e000 r--s 00000000 08:02 4718963                    /var/cache/fontconfig/abba2c13-abed-4c11-8b5a-2061742970f8-le64.cache-7
7f480a12e000-7f480a12f000 r--s 00000000 08:02 4718967                    /var/cache/fontconfig/bb172836-3c5c-4cc9-ae79-4128d810ac86-le64.cache-7
7f480a12f000-7f480a130000 r--s 00000000 08:02 4718962                    /var/cache/fontconfig/a6ca2e3e-3af1-4d5b-84a9-fd504a1387b4-le64.cache-7
7f480a130000-7f480a131000 r--s 00000000 08:02 4718942                    /var/cache/fontconfig/5d7fba21-a120-4d01-9cbd-9c8c9f5fffdb-le64.cache-7
7f480a131000-7f480a132000 r--s 00000000 08:02 4718909                    /var/cache/fontconfig/093fc215-0bf8-41db-bc58-b4de3975c745-le64.cache-7
7f480a132000-7f480a133000 r--s 00000000 08:02 4718938                    /var/cache/fontconfig/5b7ed839-129a-4e66-9485-ac1bfae4a41d-le64.cache-7
7f480a133000-7f480a138000 r--s 00000000 08:02 4718945                    /var/cache/fontconfig/62f58fc4-8ba9-4831-873f-03fa53ffca68-le64.cache-7
7f480a138000-7f480a13f000 r--s 00000000 08:02 4718974                    /var/cache/fontconfig/f435d05c-74f5-4c68-bb47-70fe549e018c-le64.cache-7
7f480a13f000-7f480a140000 r--s 00000000 08:02 4718965                    /var/cache/fontconfig/b5ac9325-9aa3-453c-99ad-642f1abc0453-le64.cache-7
7f480a140000-7f480a141000 r--s 00000000 08:02 4718964                    /var/cache/fontconfig/b1aee844-35a3-4c8f-9bef-020b93959f05-le64.cache-7
7f480a141000-7f480a147000 r--s 00000000 08:02 4718952                    /var/cache/fontconfig/8e74862f-1053-4d22-80fb-dd9faa638bff-le64.cache-7
7f480a147000-7f480a15a000 r--s 00000000 08:02 4718932                    /var/cache/fontconfig/4c464a33-f1d3-4ae4-8eb0-d274ac16a513-le64.cache-7
7f480a15a000-7f480a15e000 r--s 00000000 08:02 4718970                    /var/cache/fontconfig/c4e65ec8-a475-43d4-92b8-17eefdb6e165-le64.cache-7
7f480a15e000-7f480a15f000 r--s 00000000 08:02 4718959                    /var/cache/fontconfig/a06dadc7-1f49-44ae-86e5-1971a40ca755-le64.cache-7
7f480a15f000-7f480a160000 r--s 00000000 08:02 4718951                    /var/cache/fontconfig/7f1b0045-5324-4ad1-bd28-ef86cc8cb33b-le64.cache-7
7f480a160000-7f480a163000 r--s 00000000 08:02 4718957                    /var/cache/fontconfig/9eb9db1b-4a45-4ff5-8d80-534a4bfd6c4c-le64.cache-7
7f480a163000-7f480a165000 r--s 00000000 08:02 4718976                    /var/cache/fontconfig/fd08f669-397f-4e28-a0e6-61135ca541fc-le64.cache-7
7f480a165000-7f480a168000 r--s 00000000 08:02 4718946                    /var/cache/fontconfig/6a0f807b-7650-4dee-b477-0db198778d3e-le64.cache-7
7f480a168000-7f480a178000 r--s 00000000 08:02 4718930                    /var/cache/fontconfig/4bcaf756-1ccc-4903-9ca2-7cf5821666de-le64.cache-7
7f480a178000-7f480ac7f000 r-xp 00000000 08:02 10098580                   /tmp/QtJambi_ubuntu_amd64_4.8.7_gcc-20150613-2146/lib/libcom_trolltech_qt_gui.so.1
7f480ac7f000-7f480ae7e000 ---p 00b07000 08:02 10098580                   /tmp/QtJambi_ubuntu_amd64_4.8.7_gcc-20150613-2146/lib/libcom_trolltech_qt_gui.so.1
7f480ae7e000-7f480aea4000 r--p 00b06000 08:02 10098580                   /tmp/QtJambi_ubuntu_amd64_4.8.7_gcc-20150613-2146/lib/libcom_trolltech_qt_gui.so.1
7f480aea4000-7f480aed9000 rw-p 00b2c000 08:02 10098580                   /tmp/QtJambi_ubuntu_amd64_4.8.7_gcc-20150613-2146/lib/libcom_trolltech_qt_gui.so.1
7f480aed9000-7f480aee0000 rw-p 00000000 00:00 0 
7f480aee0000-7f480aeeb000 r--p 00000000 08:02 49030268                   /usr/lib/x86_64-linux-gnu/libxcb.so.1.1.0
7f480aeeb000-7f480aefe000 r-xp 0000b000 08:02 49030268                   /usr/lib/x86_64-linux-gnu/libxcb.so.1.1.0
7f480aefe000-7f480af07000 r--p 0001e000 08:02 49030268                   /usr/lib/x86_64-linux-gnu/libxcb.so.1.1.0
7f480af07000-7f480af08000 r--p 00026000 08:02 49030268                   /usr/lib/x86_64-linux-gnu/libxcb.so.1.1.0
7f480af08000-7f480af09000 rw-p 00027000 08:02 49030268                   /usr/lib/x86_64-linux-gnu/libxcb.so.1.1.0
7f480af09000-7f480af0d000 r--p 00000000 08:02 49029186                   /usr/lib/x86_64-linux-gnu/libexpat.so.1.6.9
7f480af0d000-7f480af29000 r-xp 00004000 08:02 49029186                   /usr/lib/x86_64-linux-gnu/libexpat.so.1.6.9
7f480af29000-7f480af33000 r--p 00020000 08:02 49029186                   /usr/lib/x86_64-linux-gnu/libexpat.so.1.6.9
7f480af33000-7f480af34000 ---p 0002a000 08:02 49029186                   /usr/lib/x86_64-linux-gnu/libexpat.so.1.6.9
7f480af34000-7f480af36000 r--p 0002a000 08:02 49029186                   /usr/lib/x86_64-linux-gnu/libexpat.so.1.6.9
7f480af36000-7f480af37000 rw-p 0002c000 08:02 49029186                   /usr/lib/x86_64-linux-gnu/libexpat.so.1.6.9
7f480af37000-7f480af3c000 r--p 00000000 08:02 49029849                   /usr/lib/x86_64-linux-gnu/libpng16.so.16.37.0
7f480af3c000-7f480af61000 r-xp 00005000 08:02 49029849                   /usr/lib/x86_64-linux-gnu/libpng16.so.16.37.0
7f480af61000-7f480af6d000 r--p 0002a000 08:02 49029849                   /usr/lib/x86_64-linux-gnu/libpng16.so.16.37.0
7f480af6d000-7f480af6e000 r--p 00035000 08:02 49029849                   /usr/lib/x86_64-linux-gnu/libpng16.so.16.37.0
7f480af6e000-7f480af6f000 rw-p 00036000 08:02 49029849                   /usr/lib/x86_64-linux-gnu/libpng16.so.16.37.0
7f480af6f000-7f480af88000 r--p 00000000 08:02 49028780                   /usr/lib/x86_64-linux-gnu/libX11.so.6.3.0
7f480af88000-7f480b013000 r-xp 00019000 08:02 49028780                   /usr/lib/x86_64-linux-gnu/libX11.so.6.3.0
7f480b013000-7f480b0a7000 r--p 000a4000 08:02 49028780                   /usr/lib/x86_64-linux-gnu/libX11.so.6.3.0
7f480b0a7000-7f480b0a8000 ---p 00138000 08:02 49028780                   /usr/lib/x86_64-linux-gnu/libX11.so.6.3.0
7f480b0a8000-7f480b0a9000 r--p 00138000 08:02 49028780                   /usr/lib/x86_64-linux-gnu/libX11.so.6.3.0
7f480b0a9000-7f480b0ad000 rw-p 00139000 08:02 49028780                   /usr/lib/x86_64-linux-gnu/libX11.so.6.3.0
7f480b0ad000-7f480b0b4000 r--p 00000000 08:02 49029208                   /usr/lib/x86_64-linux-gnu/libfontconfig.so.1.12.0
7f480b0b4000-7f480b0d8000 r-xp 00007000 08:02 49029208                   /usr/lib/x86_64-linux-gnu/libfontconfig.so.1.12.0
7f480b0d8000-7f480b0f0000 r--p 0002b000 08:02 49029208                   /usr/lib/x86_64-linux-gnu/libfontconfig.so.1.12.0
7f480b0f0000-7f480b0f2000 r--p 00042000 08:02 49029208                   /usr/lib/x86_64-linux-gnu/libfontconfig.so.1.12.0
7f480b0f2000-7f480b0f3000 rw-p 00044000 08:02 49029208                   /usr/lib/x86_64-linux-gnu/libfontconfig.so.1.12.0
7f480b0f3000-7f480b0fc000 r-xp 00000000 08:02 49028817                   /usr/lib/x86_64-linux-gnu/libXrender.so.1.3.0
7f480b0fc000-7f480b2fb000 ---p 00009000 08:02 49028817                   /usr/lib/x86_64-linux-gnu/libXrender.so.1.3.0
7f480b2fb000-7f480b2fc000 r--p 00008000 08:02 49028817                   /usr/lib/x86_64-linux-gnu/libXrender.so.1.3.0
7f480b2fc000-7f480b2fd000 rw-p 00009000 08:02 49028817                   /usr/lib/x86_64-linux-gnu/libXrender.so.1.3.0
7f480b2fd000-7f480bda8000 r-xp 00000000 08:02 10098520                   /tmp/QtJambi_ubuntu_amd64_4.8.7_gcc-20150613-2146/lib/libQtGui.so.4
7f480bda8000-7f480bfa7000 ---p 00aab000 08:02 10098520                   /tmp/QtJambi_ubuntu_amd64_4.8.7_gcc-20150613-2146/lib/libQtGui.so.4
7f480bfa7000-7f480bfe9000 r--p 00aaa000 08:02 10098520                   /tmp/QtJambi_ubuntu_amd64_4.8.7_gcc-20150613-2146/lib/libQtGui.so.4
7f480bfe9000-7f480bffd000 rw-p 00aec000 08:02 10098520                   /tmp/QtJambi_ubuntu_amd64_4.8.7_gcc-20150613-2146/lib/libQtGui.so.4
7f480bffd000-7f480c000000 rw-p 00000000 00:00 0 
7f480c000000-7f480c021000 rw-p 00000000 00:00 0 
7f480c021000-7f4810000000 ---p 00000000 00:00 0 
7f4810000000-7f4810021000 rw-p 00000000 00:00 0 
7f4810021000-7f4814000000 ---p 00000000 00:00 0 
7f4814000000-7f4814021000 rw-p 00000000 00:00 0 
7f4814021000-7f4818000000 ---p 00000000 00:00 0 
7f4818000000-7f4818021000 rw-p 00000000 00:00 0 
7f4818021000-7f481c000000 ---p 00000000 00:00 0 
7f481c000000-7f481c3ad000 rw-p 00000000 00:00 0 
7f481c3ad000-7f4820000000 ---p 00000000 00:00 0 
7f4820000000-7f4820021000 rw-p 00000000 00:00 0 
7f4820021000-7f4824000000 ---p 00000000 00:00 0 
7f4824000000-7f4824021000 rw-p 00000000 00:00 0 
7f4824021000-7f4828000000 ---p 00000000 00:00 0 
7f4828000000-7f48281b3000 rw-p 00000000 00:00 0 
7f48281b3000-7f482c000000 ---p 00000000 00:00 0 
7f482c000000-7f482c021000 rw-p 00000000 00:00 0 
7f482c021000-7f4830000000 ---p 00000000 00:00 0 
7f4830000000-7f4830021000 rw-p 00000000 00:00 0 
7f4830021000-7f4834000000 ---p 00000000 00:00 0 
7f4834000000-7f4834021000 rw-p 00000000 00:00 0 
7f4834021000-7f4838000000 ---p 00000000 00:00 0 
7f4838000000-7f4838321000 rw-p 00000000 00:00 0 
7f4838321000-7f483c000000 ---p 00000000 00:00 0 
7f483c000000-7f483c021000 rw-p 00000000 00:00 0 
7f483c021000-7f4840000000 ---p 00000000 00:00 0 
7f4840000000-7f4840001000 r--s 00000000 08:02 4718949                    /var/cache/fontconfig/736d8911-d263-498c-ad2a-da18406efd57-le64.cache-7
7f4840001000-7f4840005000 r--s 00000000 08:02 4718950                    /var/cache/fontconfig/7b6d7493-91cf-44f2-b90f-f587252c3753-le64.cache-7
7f4840005000-7f4840007000 r--p 00000000 08:02 49028795                   /usr/lib/x86_64-linux-gnu/libXdmcp.so.6.0.0
7f4840007000-7f4840009000 r-xp 00002000 08:02 49028795                   /usr/lib/x86_64-linux-gnu/libXdmcp.so.6.0.0
7f4840009000-7f484000b000 r--p 00004000 08:02 49028795                   /usr/lib/x86_64-linux-gnu/libXdmcp.so.6.0.0
7f484000b000-7f484000c000 r--p 00005000 08:02 49028795                   /usr/lib/x86_64-linux-gnu/libXdmcp.so.6.0.0
7f484000c000-7f484000d000 rw-p 00006000 08:02 49028795                   /usr/lib/x86_64-linux-gnu/libXdmcp.so.6.0.0
7f484000d000-7f4840011000 r--p 00000000 08:02 49028957                   /usr/lib/x86_64-linux-gnu/libbsd.so.0.10.0
7f4840011000-7f4840020000 r-xp 00004000 08:02 49028957                   /usr/lib/x86_64-linux-gnu/libbsd.so.0.10.0
7f4840020000-7f4840023000 r--p 00013000 08:02 49028957                   /usr/lib/x86_64-linux-gnu/libbsd.so.0.10.0
7f4840023000-7f4840024000 ---p 00016000 08:02 49028957                   /usr/lib/x86_64-linux-gnu/libbsd.so.0.10.0
7f4840024000-7f4840025000 r--p 00016000 08:02 49028957                   /usr/lib/x86_64-linux-gnu/libbsd.so.0.10.0
7f4840025000-7f4840026000 rw-p 00017000 08:02 49028957                   /usr/lib/x86_64-linux-gnu/libbsd.so.0.10.0
7f4840026000-7f4840027000 rw-p 00000000 00:00 0 
7f4840027000-7f4840035000 r--p 00000000 08:02 49029320                   /usr/lib/x86_64-linux-gnu/libgobject-2.0.so.0.6200.1
7f4840035000-7f4840068000 r-xp 0000e000 08:02 49029320                   /usr/lib/x86_64-linux-gnu/libgobject-2.0.so.0.6200.1
7f4840068000-7f4840080000 r--p 00041000 08:02 49029320                   /usr/lib/x86_64-linux-gnu/libgobject-2.0.so.0.6200.1
7f4840080000-7f4840083000 r--p 00058000 08:02 49029320                   /usr/lib/x86_64-linux-gnu/libgobject-2.0.so.0.6200.1
7f4840083000-7f4840084000 rw-p 0005b000 08:02 49029320                   /usr/lib/x86_64-linux-gnu/libgobject-2.0.so.0.6200.1
7f4840084000-7f4840090000 r--p 00000000 08:02 49029228                   /usr/lib/x86_64-linux-gnu/libfreetype.so.6.16.1
7f4840090000-7f484010d000 r-xp 0000c000 08:02 49029228                   /usr/lib/x86_64-linux-gnu/libfreetype.so.6.16.1
7f484010d000-7f4840137000 r--p 00089000 08:02 49029228                   /usr/lib/x86_64-linux-gnu/libfreetype.so.6.16.1
7f4840137000-7f484013e000 r--p 000b2000 08:02 49029228                   /usr/lib/x86_64-linux-gnu/libfreetype.so.6.16.1
7f484013e000-7f484013f000 rw-p 000b9000 08:02 49029228                   /usr/lib/x86_64-linux-gnu/libfreetype.so.6.16.1
7f484013f000-7f484031e000 r-xp 00000000 08:02 10098579                   /tmp/QtJambi_ubuntu_amd64_4.8.7_gcc-20150613-2146/lib/libcom_trolltech_qt_core.so.1
7f484031e000-7f484051d000 ---p 001df000 08:02 10098579                   /tmp/QtJambi_ubuntu_amd64_4.8.7_gcc-20150613-2146/lib/libcom_trolltech_qt_core.so.1
7f484051d000-7f4840528000 r--p 001de000 08:02 10098579                   /tmp/QtJambi_ubuntu_amd64_4.8.7_gcc-20150613-2146/lib/libcom_trolltech_qt_core.so.1
7f4840528000-7f4840531000 rw-p 001e9000 08:02 10098579                   /tmp/QtJambi_ubuntu_amd64_4.8.7_gcc-20150613-2146/lib/libcom_trolltech_qt_core.so.1
7f4840531000-7f4840535000 ---p 00000000 00:00 0 
7f4840535000-7f4840632000 rw-p 00000000 00:00 0 
7f4840632000-7f484067b000 r-xp 00000000 08:02 10098578                   /tmp/QtJambi_ubuntu_amd64_4.8.7_gcc-20150613-2146/lib/libqtjambi.so.1
7f484067b000-7f484087b000 ---p 00049000 08:02 10098578                   /tmp/QtJambi_ubuntu_amd64_4.8.7_gcc-20150613-2146/lib/libqtjambi.so.1
7f484087b000-7f484087c000 r--p 00049000 08:02 10098578                   /tmp/QtJambi_ubuntu_amd64_4.8.7_gcc-20150613-2146/lib/libqtjambi.so.1
7f484087c000-7f484087d000 rw-p 0004a000 08:02 10098578                   /tmp/QtJambi_ubuntu_amd64_4.8.7_gcc-20150613-2146/lib/libqtjambi.so.1
7f484087d000-7f484087e000 rw-p 00000000 00:00 0 
7f484087e000-7f4840880000 r--p 00000000 08:02 49029813                   /usr/lib/x86_64-linux-gnu/libpcre.so.3.13.3
7f4840880000-7f48408d2000 r-xp 00002000 08:02 49029813                   /usr/lib/x86_64-linux-gnu/libpcre.so.3.13.3
7f48408d2000-7f48408f0000 r--p 00054000 08:02 49029813                   /usr/lib/x86_64-linux-gnu/libpcre.so.3.13.3
7f48408f0000-7f48408f1000 r--p 00071000 08:02 49029813                   /usr/lib/x86_64-linux-gnu/libpcre.so.3.13.3
7f48408f1000-7f48408f2000 rw-p 00072000 08:02 49029813                   /usr/lib/x86_64-linux-gnu/libpcre.so.3.13.3
7f48408f2000-7f4840988000 r--p 00000000 08:02 49030046                   /usr/lib/x86_64-linux-gnu/libstdc++.so.6.0.28
7f4840988000-7f4840a85000 r-xp 00096000 08:02 49030046                   /usr/lib/x86_64-linux-gnu/libstdc++.so.6.0.28
7f4840a85000-7f4840acf000 r--p 00193000 08:02 49030046                   /usr/lib/x86_64-linux-gnu/libstdc++.so.6.0.28
7f4840acf000-7f4840ada000 r--p 001dc000 08:02 49030046                   /usr/lib/x86_64-linux-gnu/libstdc++.so.6.0.28
7f4840ada000-7f4840add000 rw-p 001e7000 08:02 49030046                   /usr/lib/x86_64-linux-gnu/libstdc++.so.6.0.28
7f4840add000-7f4840ae0000 rw-p 00000000 00:00 0 
7f4840ae0000-7f4840afc000 r--p 00000000 08:02 49029290                   /usr/lib/x86_64-linux-gnu/libglib-2.0.so.0.6200.1
7f4840afc000-7f4840b7f000 r-xp 0001c000 08:02 49029290                   /usr/lib/x86_64-linux-gnu/libglib-2.0.so.0.6200.1
7f4840b7f000-7f4840c04000 r--p 0009f000 08:02 49029290                   /usr/lib/x86_64-linux-gnu/libglib-2.0.so.0.6200.1
7f4840c04000-7f4840c05000 ---p 00124000 08:02 49029290                   /usr/lib/x86_64-linux-gnu/libglib-2.0.so.0.6200.1
7f4840c05000-7f4840c06000 r--p 00124000 08:02 49029290                   /usr/lib/x86_64-linux-gnu/libglib-2.0.so.0.6200.1
7f4840c06000-7f4840c07000 rw-p 00125000 08:02 49029290                   /usr/lib/x86_64-linux-gnu/libglib-2.0.so.0.6200.1
7f4840c07000-7f4840c08000 rw-p 00000000 00:00 0 
7f4840c08000-7f4840ee8000 r-xp 00000000 08:02 10098519                   /tmp/QtJambi_ubuntu_amd64_4.8.7_gcc-20150613-2146/lib/libQtCore.so.4
7f4840ee8000-7f48410e8000 ---p 002e0000 08:02 10098519                   /tmp/QtJambi_ubuntu_amd64_4.8.7_gcc-20150613-2146/lib/libQtCore.so.4
7f48410e8000-7f48410f3000 r--p 002e0000 08:02 10098519                   /tmp/QtJambi_ubuntu_amd64_4.8.7_gcc-20150613-2146/lib/libQtCore.so.4
7f48410f3000-7f48410f8000 rw-p 002eb000 08:02 10098519                   /tmp/QtJambi_ubuntu_amd64_4.8.7_gcc-20150613-2146/lib/libQtCore.so.4
7f48410f8000-7f48410f9000 rw-p 00000000 00:00 0 
7f48410f9000-7f48410fa000 ---p 00000000 00:00 0 
7f48410fa000-7f48411fb000 rw-p 00000000 00:00 0 
7f48411fb000-7f48411fd000 r-xp 00000000 08:02 49152159                   /usr/lib/jvm/jdk-12.0.1/lib/libextnet.so
7f48411fd000-7f48413fc000 ---p 00002000 08:02 49152159                   /usr/lib/jvm/jdk-12.0.1/lib/libextnet.so
7f48413fc000-7f48413fd000 r--p 00001000 08:02 49152159                   /usr/lib/jvm/jdk-12.0.1/lib/libextnet.so
7f48413fd000-7f48413fe000 rw-p 00002000 08:02 49152159                   /usr/lib/jvm/jdk-12.0.1/lib/libextnet.so
7f48413fe000-7f4841402000 ---p 00000000 00:00 0 
7f4841402000-7f48414ff000 rw-p 00000000 00:00 0 
7f48414ff000-7f4841503000 ---p 00000000 00:00 0 
7f4841503000-7f4841600000 rw-p 00000000 00:00 0 
7f4841600000-7f4841616000 r-xp 00000000 08:02 49152188                   /usr/lib/jvm/jdk-12.0.1/lib/libnet.so
7f4841616000-7f4841816000 ---p 00016000 08:02 49152188                   /usr/lib/jvm/jdk-12.0.1/lib/libnet.so
7f4841816000-7f4841817000 r--p 00016000 08:02 49152188                   /usr/lib/jvm/jdk-12.0.1/lib/libnet.so
7f4841817000-7f4841818000 rw-p 00017000 08:02 49152188                   /usr/lib/jvm/jdk-12.0.1/lib/libnet.so
7f4841818000-7f4842000000 r--p 00000000 08:02 49025266                   /usr/lib/locale/locale-archive
7f4842000000-7f4844000000 rw-p 00000000 00:00 0 
7f4844000000-7f4844021000 rw-p 00000000 00:00 0 
7f4844021000-7f4848000000 ---p 00000000 00:00 0 
7f4848000000-7f4848021000 rw-p 00000000 00:00 0 
7f4848021000-7f484c000000 ---p 00000000 00:00 0 
7f484c000000-7f484c024000 rw-p 00000000 00:00 0 
7f484c024000-7f4850000000 ---p 00000000 00:00 0 
7f4850000000-7f4850001000 r--s 00000000 08:02 4718925                    /var/cache/fontconfig/39a75311-7136-46eb-8a56-7a89f54aba54-le64.cache-7
7f4850001000-7f4850012000 r-xp 00000000 08:02 49152185                   /usr/lib/jvm/jdk-12.0.1/lib/libnio.so
7f4850012000-7f4850211000 ---p 00011000 08:02 49152185                   /usr/lib/jvm/jdk-12.0.1/lib/libnio.so
7f4850211000-7f4850212000 r--p 00010000 08:02 49152185                   /usr/lib/jvm/jdk-12.0.1/lib/libnio.so
7f4850212000-7f4850213000 rw-p 00011000 08:02 49152185                   /usr/lib/jvm/jdk-12.0.1/lib/libnio.so
7f4850213000-7f4850217000 ---p 00000000 00:00 0 
7f4850217000-7f4850314000 rw-p 00000000 00:00 0 
7f4850314000-7f4850318000 ---p 00000000 00:00 0 
7f4850318000-7f4850415000 rw-p 00000000 00:00 0 
7f4850415000-7f4850419000 ---p 00000000 00:00 0 
7f4850419000-7f4850516000 rw-p 00000000 00:00 0 
7f4850516000-7f485051a000 ---p 00000000 00:00 0 
7f485051a000-7f4850617000 rw-p 00000000 00:00 0 
7f4850617000-7f485061b000 ---p 00000000 00:00 0 
7f485061b000-7f4850d98000 rw-p 00000000 00:00 0 
7f4850d98000-7f4850f18000 ---p 00000000 00:00 0 
7f4850f18000-7f4850f48000 rw-p 00000000 00:00 0 
7f4850f48000-7f4854d40000 ---p 00000000 00:00 0 
7f4854d40000-7f4854d78000 rw-p 00000000 00:00 0 
7f4854d78000-7f4858b70000 ---p 00000000 00:00 0 
7f4858b70000-7f4858b78000 rw-p 00000000 00:00 0 
7f4858b78000-7f4858de8000 rwxp 00000000 00:00 0 
7f4858de8000-7f4859108000 ---p 00000000 00:00 0 
7f4859108000-7f4859378000 rwxp 00000000 00:00 0 
7f4859378000-7f4860640000 ---p 00000000 00:00 0 
7f4860640000-7f48608b0000 rwxp 00000000 00:00 0 
7f48608b0000-7f4867b78000 ---p 00000000 00:00 0 
7f4867b78000-7f4870000000 r--s 00000000 08:02 49152134                   /usr/lib/jvm/jdk-12.0.1/lib/modules
7f4870000000-7f487076d000 rw-p 00000000 00:00 0 
7f487076d000-7f4874000000 ---p 00000000 00:00 0 
7f4874000000-7f4874001000 r--s 00000000 08:02 4718955                    /var/cache/fontconfig/97aebea2-f902-4fcb-965d-eeff72cb6957-le64.cache-7
7f4874001000-7f4874002000 r--s 00000000 08:02 4718941                    /var/cache/fontconfig/5d5ab539-8582-4d75-9df7-561468f45119-le64.cache-7
7f4874002000-7f4874003000 r--s 00000000 08:02 4718971                    /var/cache/fontconfig/c6e9b4e4-e4af-4de5-8511-001c0e7713ed-le64.cache-7
7f4874003000-7f4874004000 r--s 00000000 08:02 4718913                    /var/cache/fontconfig/1afddb54-3e4a-4f39-81aa-917665098734-le64.cache-7
7f4874004000-7f4874005000 r--p 00000000 08:02 49028784                   /usr/lib/x86_64-linux-gnu/libXau.so.6.0.0
7f4874005000-7f4874007000 r-xp 00001000 08:02 49028784                   /usr/lib/x86_64-linux-gnu/libXau.so.6.0.0
7f4874007000-7f4874008000 r--p 00003000 08:02 49028784                   /usr/lib/x86_64-linux-gnu/libXau.so.6.0.0
7f4874008000-7f4874009000 r--p 00003000 08:02 49028784                   /usr/lib/x86_64-linux-gnu/libXau.so.6.0.0
7f4874009000-7f487400a000 rw-p 00004000 08:02 49028784                   /usr/lib/x86_64-linux-gnu/libXau.so.6.0.0
7f487400a000-7f487400c000 r--p 00000000 08:02 49021495                   /usr/lib/x86_64-linux-gnu/libuuid.so.1.3.0
7f487400c000-7f4874010000 r-xp 00002000 08:02 49021495                   /usr/lib/x86_64-linux-gnu/libuuid.so.1.3.0
7f4874010000-7f4874011000 r--p 00006000 08:02 49021495                   /usr/lib/x86_64-linux-gnu/libuuid.so.1.3.0
7f4874011000-7f4874012000 r--p 00006000 08:02 49021495                   /usr/lib/x86_64-linux-gnu/libuuid.so.1.3.0
7f4874012000-7f4874013000 rw-p 00007000 08:02 49021495                   /usr/lib/x86_64-linux-gnu/libuuid.so.1.3.0
7f4874013000-7f4874015000 r--p 00000000 08:02 49029200                   /usr/lib/x86_64-linux-gnu/libffi.so.6.0.4
7f4874015000-7f487401a000 r-xp 00002000 08:02 49029200                   /usr/lib/x86_64-linux-gnu/libffi.so.6.0.4
7f487401a000-7f487401b000 r--p 00007000 08:02 49029200                   /usr/lib/x86_64-linux-gnu/libffi.so.6.0.4
7f487401b000-7f487401c000 r--p 00007000 08:02 49029200                   /usr/lib/x86_64-linux-gnu/libffi.so.6.0.4
7f487401c000-7f487401d000 rw-p 00008000 08:02 49029200                   /usr/lib/x86_64-linux-gnu/libffi.so.6.0.4
7f487401d000-7f4874021000 r--p 00000000 08:02 49028797                   /usr/lib/x86_64-linux-gnu/libXext.so.6.4.0
7f4874021000-7f487402c000 r-xp 00004000 08:02 49028797                   /usr/lib/x86_64-linux-gnu/libXext.so.6.4.0
7f487402c000-7f4874030000 r--p 0000f000 08:02 49028797                   /usr/lib/x86_64-linux-gnu/libXext.so.6.4.0
7f4874030000-7f4874031000 r--p 00012000 08:02 49028797                   /usr/lib/x86_64-linux-gnu/libXext.so.6.4.0
7f4874031000-7f4874032000 rw-p 00013000 08:02 49028797                   /usr/lib/x86_64-linux-gnu/libXext.so.6.4.0
7f4874032000-7f4874037000 r--p 00000000 08:02 49028768                   /usr/lib/x86_64-linux-gnu/libICE.so.6.3.0
7f4874037000-7f4874046000 r-xp 00005000 08:02 49028768                   /usr/lib/x86_64-linux-gnu/libICE.so.6.3.0
7f4874046000-7f487404b000 r--p 00014000 08:02 49028768                   /usr/lib/x86_64-linux-gnu/libICE.so.6.3.0
7f487404b000-7f487404c000 r--p 00018000 08:02 49028768                   /usr/lib/x86_64-linux-gnu/libICE.so.6.3.0
7f487404c000-7f487404d000 rw-p 00019000 08:02 49028768                   /usr/lib/x86_64-linux-gnu/libICE.so.6.3.0
7f487404d000-7f4874050000 rw-p 00000000 00:00 0 
7f4874050000-7f4874052000 r--p 00000000 08:02 49028774                   /usr/lib/x86_64-linux-gnu/libSM.so.6.0.1
7f4874052000-7f4874057000 r-xp 00002000 08:02 49028774                   /usr/lib/x86_64-linux-gnu/libSM.so.6.0.1
7f4874057000-7f4874059000 r--p 00007000 08:02 49028774                   /usr/lib/x86_64-linux-gnu/libSM.so.6.0.1
7f4874059000-7f487405a000 r--p 00008000 08:02 49028774                   /usr/lib/x86_64-linux-gnu/libSM.so.6.0.1
7f487405a000-7f487405b000 rw-p 00009000 08:02 49028774                   /usr/lib/x86_64-linux-gnu/libSM.so.6.0.1
7f487405b000-7f487405e000 r--p 00000000 08:02 49029242                   /usr/lib/x86_64-linux-gnu/libgcc_s.so.1
7f487405e000-7f487406f000 r-xp 00003000 08:02 49029242                   /usr/lib/x86_64-linux-gnu/libgcc_s.so.1
7f487406f000-7f4874073000 r--p 00014000 08:02 49029242                   /usr/lib/x86_64-linux-gnu/libgcc_s.so.1
7f4874073000-7f4874074000 r--p 00017000 08:02 49029242                   /usr/lib/x86_64-linux-gnu/libgcc_s.so.1
7f4874074000-7f4874075000 rw-p 00018000 08:02 49029242                   /usr/lib/x86_64-linux-gnu/libgcc_s.so.1
7f4874075000-7f4874076000 r--s 00000000 08:02 4718920                    /var/cache/fontconfig/324683ad-9c5b-4bf1-934b-0e18dd49693f-le64.cache-7
7f4874076000-7f4874077000 r--s 00000000 08:02 4718927                    /var/cache/fontconfig/3ac8458d-ae8e-497c-b2be-72d753571bb9-le64.cache-7
7f4874077000-7f4874078000 r--s 00000000 08:02 4718915                    /var/cache/fontconfig/20c67d86-7119-435a-b1f7-41a4a52544cb-le64.cache-7
7f4874078000-7f4874079000 r--s 00000000 08:02 4718926                    /var/cache/fontconfig/3abac70f-44d0-4672-8e5b-a080b340be55-le64.cache-7
7f4874079000-7f487407b000 r--s 00000000 08:02 4718923                    /var/cache/fontconfig/36ff520c-fc8a-4974-9019-6c0aeae7517f-le64.cache-7
7f487407b000-7f487407e000 r--s 00000000 08:02 4718917                    /var/cache/fontconfig/276bd70e-56aa-4284-81a0-8f07247abdeb-le64.cache-7
7f487407e000-7f487407f000 r--p 00000000 08:02 49682991                   /usr/lib/x86_64-linux-gnu/gconv/UTF-16.so
7f487407f000-7f4874081000 r-xp 00001000 08:02 49682991                   /usr/lib/x86_64-linux-gnu/gconv/UTF-16.so
7f4874081000-7f4874082000 r--p 00003000 08:02 49682991                   /usr/lib/x86_64-linux-gnu/gconv/UTF-16.so
7f4874082000-7f4874083000 r--p 00003000 08:02 49682991                   /usr/lib/x86_64-linux-gnu/gconv/UTF-16.so
7f4874083000-7f4874084000 rw-p 00004000 08:02 49682991                   /usr/lib/x86_64-linux-gnu/gconv/UTF-16.so
7f4874084000-7f487408b000 r--s 00000000 08:02 49682996                   /usr/lib/x86_64-linux-gnu/gconv/gconv-modules.cache
7f487408b000-7f487408f000 ---p 00000000 00:00 0 
7f487408f000-7f487418c000 rw-p 00000000 00:00 0 
7f487418c000-7f4874190000 ---p 00000000 00:00 0 
7f4874190000-7f487428d000 rw-p 00000000 00:00 0 
7f487428d000-7f487428e000 ---p 00000000 00:00 0 
7f487428e000-7f48744ac000 rw-p 00000000 00:00 0 
7f48744ac000-7f48744ad000 ---p 00000000 00:00 0 
7f48744ad000-7f48745ae000 rw-p 00000000 00:00 0 
7f48745ae000-7f48745af000 ---p 00000000 00:00 0 
7f48745af000-7f4874ab4000 rw-p 00000000 00:00 0 
7f4874ab4000-7f4874ab5000 ---p 00000000 00:00 0 
7f4874ab5000-7f4874bb6000 rw-p 00000000 00:00 0 
7f4874bb6000-7f4874bb7000 ---p 00000000 00:00 0 
7f4874bb7000-7f4874cb8000 rw-p 00000000 00:00 0 
7f4874cb8000-7f4874cb9000 ---p 00000000 00:00 0 
7f4874cb9000-7f4874e45000 rw-p 00000000 00:00 0 
7f4874e45000-7f4875604000 ---p 00000000 00:00 0 
7f4875604000-7f487560b000 rw-p 00000000 00:00 0 
7f487560b000-7f4875dca000 ---p 00000000 00:00 0 
7f4875dca000-7f4875dd1000 rw-p 00000000 00:00 0 
7f4875dd1000-7f4876590000 ---p 00000000 00:00 0 
7f4876590000-7f487699a000 rw-p 00000000 00:00 0 
7f487699a000-7f4876a80000 ---p 00000000 00:00 0 
7f4876a80000-7f4876a85000 rw-p 00000000 00:00 0 
7f4876a85000-7f4876b6b000 ---p 00000000 00:00 0 
7f4876b6b000-7f4876b70000 rw-p 00000000 00:00 0 
7f4876b70000-7f4876b77000 ---p 00000000 00:00 0 
7f4876b77000-7f4876b92000 r-xp 00000000 08:02 49152173                   /usr/lib/jvm/jdk-12.0.1/lib/libjimage.so
7f4876b92000-7f4876d91000 ---p 0001b000 08:02 49152173                   /usr/lib/jvm/jdk-12.0.1/lib/libjimage.so
7f4876d91000-7f4876d93000 r--p 0001a000 08:02 49152173                   /usr/lib/jvm/jdk-12.0.1/lib/libjimage.so
7f4876d93000-7f4876d94000 rw-p 0001c000 08:02 49152173                   /usr/lib/jvm/jdk-12.0.1/lib/libjimage.so
7f4876d94000-7f4876d9b000 r-xp 00000000 08:02 49152175                   /usr/lib/jvm/jdk-12.0.1/lib/libzip.so
7f4876d9b000-7f4876f9a000 ---p 00007000 08:02 49152175                   /usr/lib/jvm/jdk-12.0.1/lib/libzip.so
7f4876f9a000-7f4876f9b000 r--p 00006000 08:02 49152175                   /usr/lib/jvm/jdk-12.0.1/lib/libzip.so
7f4876f9b000-7f4876f9c000 rw-p 00007000 08:02 49152175                   /usr/lib/jvm/jdk-12.0.1/lib/libzip.so
7f4876f9c000-7f4876fa4000 rw-s 00000000 08:02 10098778                   /tmp/hsperfdata_ubuntu/28902 (deleted)
7f4876fa4000-7f4876fae000 r-xp 00000000 08:02 49152157                   /usr/lib/jvm/jdk-12.0.1/lib/libinstrument.so
7f4876fae000-7f48771ad000 ---p 0000a000 08:02 49152157                   /usr/lib/jvm/jdk-12.0.1/lib/libinstrument.so
7f48771ad000-7f48771ae000 r--p 00009000 08:02 49152157                   /usr/lib/jvm/jdk-12.0.1/lib/libinstrument.so
7f48771ae000-7f48771af000 rw-p 0000a000 08:02 49152157                   /usr/lib/jvm/jdk-12.0.1/lib/libinstrument.so
7f48771af000-7f48771d7000 r-xp 00000000 08:02 49152136                   /usr/lib/jvm/jdk-12.0.1/lib/libjava.so
7f48771d7000-7f48773d6000 ---p 00028000 08:02 49152136                   /usr/lib/jvm/jdk-12.0.1/lib/libjava.so
7f48773d6000-7f48773d7000 r--p 00027000 08:02 49152136                   /usr/lib/jvm/jdk-12.0.1/lib/libjava.so
7f48773d7000-7f48773d9000 rw-p 00028000 08:02 49152136                   /usr/lib/jvm/jdk-12.0.1/lib/libjava.so
7f48773d9000-7f48773e6000 r-xp 00000000 08:02 49152193                   /usr/lib/jvm/jdk-12.0.1/lib/libverify.so
7f48773e6000-7f48775e5000 ---p 0000d000 08:02 49152193                   /usr/lib/jvm/jdk-12.0.1/lib/libverify.so
7f48775e5000-7f48775e7000 r--p 0000c000 08:02 49152193                   /usr/lib/jvm/jdk-12.0.1/lib/libverify.so
7f48775e7000-7f48775e8000 rw-p 0000e000 08:02 49152193                   /usr/lib/jvm/jdk-12.0.1/lib/libverify.so
7f48775e8000-7f48775eb000 r--p 00000000 08:02 49024649                   /usr/lib/x86_64-linux-gnu/librt-2.30.so
7f48775eb000-7f48775ef000 r-xp 00003000 08:02 49024649                   /usr/lib/x86_64-linux-gnu/librt-2.30.so
7f48775ef000-7f48775f1000 r--p 00007000 08:02 49024649                   /usr/lib/x86_64-linux-gnu/librt-2.30.so
7f48775f1000-7f48775f2000 r--p 00008000 08:02 49024649                   /usr/lib/x86_64-linux-gnu/librt-2.30.so
7f48775f2000-7f48775f3000 rw-p 00009000 08:02 49024649                   /usr/lib/x86_64-linux-gnu/librt-2.30.so
7f48775f3000-7f48775f7000 ---p 00000000 00:00 0 
7f48775f7000-7f48776f4000 rw-p 00000000 00:00 0 
7f48776f4000-7f4877703000 r--p 00000000 08:02 49024636                   /usr/lib/x86_64-linux-gnu/libm-2.30.so
7f4877703000-7f48777aa000 r-xp 0000f000 08:02 49024636                   /usr/lib/x86_64-linux-gnu/libm-2.30.so
7f48777aa000-7f4877841000 r--p 000b6000 08:02 49024636                   /usr/lib/x86_64-linux-gnu/libm-2.30.so
7f4877841000-7f4877842000 r--p 0014c000 08:02 49024636                   /usr/lib/x86_64-linux-gnu/libm-2.30.so
7f4877842000-7f4877843000 rw-p 0014d000 08:02 49024636                   /usr/lib/x86_64-linux-gnu/libm-2.30.so
7f4877843000-7f48789a7000 r-xp 00000000 08:02 49152163                   /usr/lib/jvm/jdk-12.0.1/lib/server/libjvm.so
7f48789a7000-7f4878ba7000 ---p 01164000 08:02 49152163                   /usr/lib/jvm/jdk-12.0.1/lib/server/libjvm.so
7f4878ba7000-7f4878c68000 r--p 01164000 08:02 49152163                   /usr/lib/jvm/jdk-12.0.1/lib/server/libjvm.so
7f4878c68000-7f4878ca1000 rw-p 01225000 08:02 49152163                   /usr/lib/jvm/jdk-12.0.1/lib/server/libjvm.so
7f4878ca1000-7f4878d26000 rw-p 00000000 00:00 0 
7f4878d26000-7f4878d4b000 r--p 00000000 08:02 49024633                   /usr/lib/x86_64-linux-gnu/libc-2.30.so
7f4878d4b000-7f4878ec3000 r-xp 00025000 08:02 49024633                   /usr/lib/x86_64-linux-gnu/libc-2.30.so
7f4878ec3000-7f4878f0d000 r--p 0019d000 08:02 49024633                   /usr/lib/x86_64-linux-gnu/libc-2.30.so
7f4878f0d000-7f4878f10000 r--p 001e6000 08:02 49024633                   /usr/lib/x86_64-linux-gnu/libc-2.30.so
7f4878f10000-7f4878f13000 rw-p 001e9000 08:02 49024633                   /usr/lib/x86_64-linux-gnu/libc-2.30.so
7f4878f13000-7f4878f17000 rw-p 00000000 00:00 0 
7f4878f17000-7f4878f18000 r--p 00000000 08:02 49024635                   /usr/lib/x86_64-linux-gnu/libdl-2.30.so
7f4878f18000-7f4878f1a000 r-xp 00001000 08:02 49024635                   /usr/lib/x86_64-linux-gnu/libdl-2.30.so
7f4878f1a000-7f4878f1b000 r--p 00003000 08:02 49024635                   /usr/lib/x86_64-linux-gnu/libdl-2.30.so
7f4878f1b000-7f4878f1c000 r--p 00003000 08:02 49024635                   /usr/lib/x86_64-linux-gnu/libdl-2.30.so
7f4878f1c000-7f4878f1d000 rw-p 00004000 08:02 49024635                   /usr/lib/x86_64-linux-gnu/libdl-2.30.so
7f4878f1d000-7f4878f24000 r--p 00000000 08:02 49024647                   /usr/lib/x86_64-linux-gnu/libpthread-2.30.so
7f4878f24000-7f4878f35000 r-xp 00007000 08:02 49024647                   /usr/lib/x86_64-linux-gnu/libpthread-2.30.so
7f4878f35000-7f4878f3a000 r--p 00018000 08:02 49024647                   /usr/lib/x86_64-linux-gnu/libpthread-2.30.so
7f4878f3a000-7f4878f3b000 r--p 0001c000 08:02 49024647                   /usr/lib/x86_64-linux-gnu/libpthread-2.30.so
7f4878f3b000-7f4878f3c000 rw-p 0001d000 08:02 49024647                   /usr/lib/x86_64-linux-gnu/libpthread-2.30.so
7f4878f3c000-7f4878f40000 rw-p 00000000 00:00 0 
7f4878f40000-7f4878f50000 r-xp 00000000 08:02 49152182                   /usr/lib/jvm/jdk-12.0.1/lib/libjli.so
7f4878f50000-7f487914f000 ---p 00010000 08:02 49152182                   /usr/lib/jvm/jdk-12.0.1/lib/libjli.so
7f487914f000-7f4879150000 r--p 0000f000 08:02 49152182                   /usr/lib/jvm/jdk-12.0.1/lib/libjli.so
7f4879150000-7f4879151000 rw-p 00010000 08:02 49152182                   /usr/lib/jvm/jdk-12.0.1/lib/libjli.so
7f4879151000-7f4879153000 r--p 00000000 08:02 49030298                   /usr/lib/x86_64-linux-gnu/libz.so.1.2.11
7f4879153000-7f4879164000 r-xp 00002000 08:02 49030298                   /usr/lib/x86_64-linux-gnu/libz.so.1.2.11
7f4879164000-7f487916a000 r--p 00013000 08:02 49030298                   /usr/lib/x86_64-linux-gnu/libz.so.1.2.11
7f487916a000-7f487916b000 ---p 00019000 08:02 49030298                   /usr/lib/x86_64-linux-gnu/libz.so.1.2.11
7f487916b000-7f487916c000 r--p 00019000 08:02 49030298                   /usr/lib/x86_64-linux-gnu/libz.so.1.2.11
7f487916c000-7f487916d000 rw-p 0001a000 08:02 49030298                   /usr/lib/x86_64-linux-gnu/libz.so.1.2.11
7f487916d000-7f487916f000 rw-p 00000000 00:00 0 
7f487916f000-7f4879172000 r--p 00000000 08:02 49024642                   /usr/lib/x86_64-linux-gnu/libnss_files-2.30.so
7f4879172000-7f4879179000 r-xp 00003000 08:02 49024642                   /usr/lib/x86_64-linux-gnu/libnss_files-2.30.so
7f4879179000-7f487917b000 r--p 0000a000 08:02 49024642                   /usr/lib/x86_64-linux-gnu/libnss_files-2.30.so
7f487917b000-7f487917c000 r--p 0000b000 08:02 49024642                   /usr/lib/x86_64-linux-gnu/libnss_files-2.30.so
7f487917c000-7f487917d000 rw-p 0000c000 08:02 49024642                   /usr/lib/x86_64-linux-gnu/libnss_files-2.30.so
7f487917d000-7f4879183000 rw-p 00000000 00:00 0 
7f4879183000-7f4879184000 ---p 00000000 00:00 0 
7f4879184000-7f4879185000 r--p 00000000 00:00 0 
7f4879185000-7f4879186000 r--p 00000000 08:02 49024629                   /usr/lib/x86_64-linux-gnu/ld-2.30.so
7f4879186000-7f48791a8000 r-xp 00001000 08:02 49024629                   /usr/lib/x86_64-linux-gnu/ld-2.30.so
7f48791a8000-7f48791b0000 r--p 00023000 08:02 49024629                   /usr/lib/x86_64-linux-gnu/ld-2.30.so
7f48791b0000-7f48791b1000 ---p 00000000 00:00 0 
7f48791b1000-7f48791b2000 r--p 0002b000 08:02 49024629                   /usr/lib/x86_64-linux-gnu/ld-2.30.so
7f48791b2000-7f48791b3000 rw-p 0002c000 08:02 49024629                   /usr/lib/x86_64-linux-gnu/ld-2.30.so
7f48791b3000-7f48791b4000 rw-p 00000000 00:00 0 
7fff98c9a000-7fff98cbb000 rw-p 00000000 00:00 0                          [stack]
7fff98dca000-7fff98dcd000 r--p 00000000 00:00 0                          [vvar]
7fff98dcd000-7fff98dce000 r-xp 00000000 00:00 0                          [vdso]
ffffffffff600000-ffffffffff601000 --xp 00000000 00:00 0                  [vsyscall]


VM Arguments:
jvm_args: -javaagent:/opt/idea-IC-193.6494.35/lib/idea_rt.jar=38665:/opt/idea-IC-193.6494.35/bin -Dfile.encoding=UTF-8 
java_command: com.company.Main
java_class_path (initial): /home/ubuntu/development-projects/IdeaProjects/portfolio_git/my-minesweeper/out/production/my-minesweeper:/home/ubuntu/development-external-libraries/qtjambi-linux64-community-4.8.7/qtjambi-4.8.7.jar:/home/ubuntu/development-external-libraries/qtjambi-linux64-community-4.8.7/qtjambi-native-linux64-gcc-4.8.7.jar
Launcher Type: SUN_STANDARD

[Global flags]
     intx CICompilerCount                          = 3                                         {product} {ergonomic}
     uint ConcGCThreads                            = 1                                         {product} {ergonomic}
     uint G1ConcRefinementThreads                  = 4                                         {product} {ergonomic}
   size_t G1HeapRegionSize                         = 1048576                                   {product} {ergonomic}
    uintx GCDrainStackTargetSize                   = 64                                        {product} {ergonomic}
   size_t InitialHeapSize                          = 262144000                                 {product} {ergonomic}
   size_t MarkStackSize                            = 4194304                                   {product} {ergonomic}
   size_t MaxHeapSize                              = 4173332480                                {product} {ergonomic}
   size_t MaxNewSize                               = 2503999488                                {product} {ergonomic}
   size_t MinHeapDeltaBytes                        = 1048576                                   {product} {ergonomic}
    uintx NonNMethodCodeHeapSize                   = 5830732                                {pd product} {ergonomic}
    uintx NonProfiledCodeHeapSize                  = 122913754                              {pd product} {ergonomic}
    uintx ProfiledCodeHeapSize                     = 122913754                              {pd product} {ergonomic}
    uintx ReservedCodeCacheSize                    = 251658240                              {pd product} {ergonomic}
     bool SegmentedCodeCache                       = true                                      {product} {ergonomic}
     bool UseCompressedClassPointers               = true                                 {lp64_product} {ergonomic}
     bool UseCompressedOops                        = true                                 {lp64_product} {ergonomic}
     bool UseG1GC                                  = true                                      {product} {ergonomic}

Logging:
Log output configuration:
 #0: 
[error occurred during error reporting (printing log configuration), id 0xb, SIGSEGV (0xb) at pc=0x00007f48782abd89]

Environment Variables:
PATH=/usr/local/sbin:/usr/local/bin:/usr/sbin:/usr/bin:/sbin:/bin:/usr/games:/usr/local/games:/snap/bin
USERNAME=ubuntu
SHELL=/bin/bash
DISPLAY=:0

Signal Handlers:
SIGSEGV: [libjvm.so+0xe45640], sa_mask[0]=11111111011111111101111111111110, sa_flags=SA_RESTART|SA_SIGINFO
SIGBUS: [libjvm.so+0xe45640], sa_mask[0]=11111111011111111101111111111110, sa_flags=SA_RESTART|SA_SIGINFO
SIGFPE: [libjvm.so+0xe45640], sa_mask[0]=11111111011111111101111111111110, sa_flags=SA_RESTART|SA_SIGINFO
SIGPIPE: [libjvm.so+0xbf4b50], sa_mask[0]=11111111011111111101111111111110, sa_flags=SA_RESTART|SA_SIGINFO
SIGXFSZ: [libjvm.so+0xbf4b50], sa_mask[0]=11111111011111111101111111111110, sa_flags=SA_RESTART|SA_SIGINFO
SIGILL: [libjvm.so+0xe45640], sa_mask[0]=11111111011111111101111111111110, sa_flags=SA_RESTART|SA_SIGINFO
SIGUSR2: [libjvm.so+0xbf49f0], sa_mask[0]=00100000000000000000000000000000, sa_flags=SA_RESTART|SA_SIGINFO
SIGHUP: [libjvm.so+0xbf4d50], sa_mask[0]=11111111011111111101111111111110, sa_flags=SA_RESTART|SA_SIGINFO
SIGINT: [libjvm.so+0xbf4d50], sa_mask[0]=11111111011111111101111111111110, sa_flags=SA_RESTART|SA_SIGINFO
SIGTERM: [libjvm.so+0xbf4d50], sa_mask[0]=11111111011111111101111111111110, sa_flags=SA_RESTART|SA_SIGINFO
SIGQUIT: [libjvm.so+0xbf4d50], sa_mask[0]=11111111011111111101111111111110, sa_flags=SA_RESTART|SA_SIGINFO


---------------  S Y S T E M  ---------------

OS:DISTRIB_ID=Ubuntu
DISTRIB_RELEASE=19.10
DISTRIB_CODENAME=eoan
DISTRIB_DESCRIPTION="Ubuntu 19.10"
uname:Linux 5.3.0-40-generic #32-Ubuntu SMP Fri Jan 31 20:24:34 UTC 2020 x86_64
libc:glibc 2.30 NPTL 2.30 
rlimit: STACK 8192k, CORE 0k, NPROC 63441, NOFILE 1048576, AS infinity, DATA infinity, FSIZE infinity
load average:1,58 1,66 1,50

/proc/meminfo:
MemTotal:       16296060 kB
MemFree:         6701780 kB
MemAvailable:   10043052 kB
Buffers:          236716 kB
Cached:          4132544 kB
SwapCached:            0 kB
Active:          6361892 kB
Inactive:        2182480 kB
Active(anon):    4761492 kB
Inactive(anon):   318436 kB
Active(file):    1600400 kB
Inactive(file):  1864044 kB
Unevictable:      584956 kB
Mlocked:             120 kB
SwapTotal:       2097148 kB
SwapFree:        2097148 kB
Dirty:              4216 kB
Writeback:             0 kB
AnonPages:       4760200 kB
Mapped:           809820 kB
Shmem:            904820 kB
KReclaimable:     212820 kB
Slab:             329900 kB
SReclaimable:     212820 kB
SUnreclaim:       117080 kB
KernelStack:       16752 kB
PageTables:        53668 kB
NFS_Unstable:          0 kB
Bounce:                0 kB
WritebackTmp:          0 kB
CommitLimit:    10245176 kB
Committed_AS:   16038556 kB
VmallocTotal:   34359738367 kB
VmallocUsed:       27728 kB
VmallocChunk:          0 kB
Percpu:             2912 kB
HardwareCorrupted:     0 kB
AnonHugePages:         0 kB
ShmemHugePages:        0 kB
ShmemPmdMapped:        0 kB
CmaTotal:              0 kB
CmaFree:               0 kB
HugePages_Total:       0
HugePages_Free:        0
HugePages_Rsvd:        0
HugePages_Surp:        0
Hugepagesize:       2048 kB
Hugetlb:               0 kB
DirectMap4k:      293472 kB
DirectMap2M:    12187648 kB
DirectMap1G:     5242880 kB


/proc/sys/kernel/threads-max (system-wide limit on the number of threads):
126883


/proc/sys/vm/max_map_count (maximum number of memory map areas a process may have):
65530


/proc/sys/kernel/pid_max (system-wide limit on number of process identifiers):
32768



container (cgroup) information:
container_type: cgroupv1
cpu_cpuset_cpus: 0-3
cpu_memory_nodes: 0
active_processor_count: 4
cpu_quota: -1
cpu_period: 100000
cpu_shares: -1
memory_limit_in_bytes: -1
memory_and_swap_limit_in_bytes: -2
memory_soft_limit_in_bytes: -1
memory_usage_in_bytes: 8093724672
memory_max_usage_in_bytes: 9304526848


CPU:total 4 (initial active 4) (4 cores per cpu, 1 threads per core) family 6 model 60 stepping 3, cmov, cx8, fxsr, mmx, sse, sse2, sse3, ssse3, sse4.1, sse4.2, popcnt, avx, avx2, aes, clmul, erms, lzcnt, tsc, tscinvbit, bmi1, bmi2, fma
CPU Model and flags from /proc/cpuinfo:
model name	: Intel(R) Core(TM) i5-4460  CPU @ 3.20GHz
flags		: fpu vme de pse tsc msr pae mce cx8 apic sep mtrr pge mca cmov pat pse36 clflush dts acpi mmx fxsr sse sse2 ss ht tm pbe syscall nx pdpe1gb rdtscp lm constant_tsc arch_perfmon pebs bts rep_good nopl xtopology nonstop_tsc cpuid aperfmperf pni pclmulqdq dtes64 monitor ds_cpl vmx est tm2 ssse3 sdbg fma cx16 xtpr pdcm pcid sse4_1 sse4_2 x2apic movbe popcnt tsc_deadline_timer aes xsave avx f16c rdrand lahf_lm abm cpuid_fault invpcid_single pti ssbd ibrs ibpb stibp tpr_shadow vnmi flexpriority ept vpid ept_ad fsgsbase tsc_adjust bmi1 avx2 smep bmi2 erms invpcid xsaveopt dtherm ida arat pln pts md_clear flush_l1d

Memory: 4k page, physical 16296060k(6701780k free), swap 2097148k(2097148k free)

vm_info: Java HotSpot(TM) 64-Bit Server VM (12.0.1+12) for linux-amd64 JRE (12.0.1+12), built on Apr  1 2019 23:46:14 by "mach5one" with gcc 7.3.0

END.
